23:49:03 **** Build of configuration Nios II for project usb_kb ****
make all 
Info: Building ../usb_kb_bsp/
C:/altera/15.0/nios2eds/bin/gnu/H-x86_64-mingw32/bin/make --no-print-directory -C ../usb_kb_bsp/
[BSP build complete]
Info: Compiling io_handler.c to obj/default/io_handler.o
nios2-elf-gcc -xc -MP -MMD -c -I../usb_kb_bsp//HAL/inc -I../usb_kb_bsp/ -I../usb_kb_bsp//drivers/inc  -pipe -D__hal__ -DALT_NO_INSTRUCTION_EMULATION -DALT_SINGLE_THREADED    -O0 -g -Wall   -mno-hw-div -mno-hw-mul -mno-hw-mulx  -o obj/default/io_handler.o io_handler.c
io_handler.c: In function 'IO_read':
io_handler.c:38:2: warning: 'temp' is used uninitialized in this function [-Wuninitialized]
  return temp;
  ^
Info: Compiling main.c to obj/default/main.o
nios2-elf-gcc -xc -MP -MMD -c -I../usb_kb_bsp//HAL/inc -I../usb_kb_bsp/ -I../usb_kb_bsp//drivers/inc  -pipe -D__hal__ -DALT_NO_INSTRUCTION_EMULATION -DALT_SINGLE_THREADED    -O0 -g -Wall   -mno-hw-div -mno-hw-mul -mno-hw-mulx  -o obj/default/main.o main.c
Info: Compiling usb.c to obj/default/usb.o
nios2-elf-gcc -xc -MP -MMD -c -I../usb_kb_bsp//HAL/inc -I../usb_kb_bsp/ -I../usb_kb_bsp//drivers/inc  -pipe -D__hal__ -DALT_NO_INSTRUCTION_EMULATION -DALT_SINGLE_THREADED    -O0 -g -Wall   -mno-hw-div -mno-hw-mul -mno-hw-mulx  -o obj/default/usb.o usb.c
usb.c: In function 'UsbRead':
usb.c:70:1: warning: control reaches end of non-void function [-Wreturn-type]
 }
 ^
Info: Linking usb_kb.elf
nios2-elf-g++  -T'../usb_kb_bsp//linker.x' -msys-crt0='../usb_kb_bsp//obj/HAL/src/crt0.o' -msys-lib=hal_bsp -L../usb_kb_bsp/   -Wl,-Map=usb_kb.map   -O0 -g -Wall   -mno-hw-div -mno-hw-mul -mno-hw-mulx  -o usb_kb.elf obj/default/io_handler.o obj/default/main.o obj/default/usb.o -lm -msys-lib=m
nios2-elf-insert usb_kb.elf --thread_model hal --cpu_name nios2_gen2_0 --qsys true --simulation_enabled false --id 0 --sidp 0xb8 --timestamp 1521073306 --stderr_dev none --stdin_dev none --stdout_dev none --sopc_system_name lab7_soc --quartus_project_dir "C:/Users/Vignesh/Documents/ece385/Lab8" --jdi C:/Users/Vignesh/Documents/ece385/Lab8/software/usb_kb_bsp/../../lab8.jdi --sopcinfo C:/Users/Vignesh/Documents/ece385/Lab8/software/usb_kb_bsp/../../lab7_soc.sopcinfo
Info: (usb_kb.elf) 67 KBytes program size (code + initialized data).
Info:              131001 KBytes free for stack + heap.
Info: Creating usb_kb.objdump
nios2-elf-objdump --disassemble --syms --all-header --source usb_kb.elf >usb_kb.objdump
[usb_kb build complete]

23:49:07 Build Finished (took 4s.551ms)

