Info: Starting: Create block symbol file (.bsf)
Info: qsys-generate U:\ece385\Lab7\lab7_soc.qsys --block-symbol-file --output-directory=U:\ece385\Lab7\lab7_soc --family="Cyclone IV E" --part=EP4CE115F29C7
Progress: Loading Lab7/lab7_soc.qsys
Progress: Reading input file
Progress: Adding SW [altera_avalon_pio 15.0]
Progress: Parameterizing module SW
Progress: Adding clk_0 [clock_source 15.0]
Progress: Parameterizing module clk_0
Progress: Adding key_2 [altera_avalon_pio 15.0]
Progress: Parameterizing module key_2
Progress: Adding key_3 [altera_avalon_pio 15.0]
Progress: Parameterizing module key_3
Progress: Adding led [altera_avalon_pio 15.0]
Progress: Parameterizing module led
Progress: Adding nios2_gen2_0 [altera_nios2_gen2 15.0]
Progress: Parameterizing module nios2_gen2_0
Progress: Adding onchip_memory2_0 [altera_avalon_onchip_memory2 15.0]
Progress: Parameterizing module onchip_memory2_0
Progress: Adding sdram [altera_avalon_new_sdram_controller 15.0]
Progress: Parameterizing module sdram
Progress: Adding sdram_pll [altpll 15.0]
Progress: Parameterizing module sdram_pll
Progress: Adding sysid_qsys_0 [altera_avalon_sysid_qsys 15.0]
Progress: Parameterizing module sysid_qsys_0
Progress: Building connections
Progress: Parameterizing connections
Progress: Validating
Progress: Done reading input file
Info: lab7_soc.SW: PIO inputs are not hardwired in test bench. Undefined values will be read from PIO inputs during simulation.
Info: lab7_soc.key_2: PIO inputs are not hardwired in test bench. Undefined values will be read from PIO inputs during simulation.
Info: lab7_soc.key_3: PIO inputs are not hardwired in test bench. Undefined values will be read from PIO inputs during simulation.
Info: lab7_soc.sysid_qsys_0: System ID is not assigned automatically. Edit the System ID parameter to provide a unique ID
Info: lab7_soc.sysid_qsys_0: Time stamp will be automatically updated when this component is generated.
Warning: lab7_soc.sdram_pll: sdram_pll.areset_conduit must be exported, or connected to a matching conduit.
Warning: lab7_soc.sdram_pll: sdram_pll.locked_conduit must be exported, or connected to a matching conduit.
Warning: lab7_soc.sdram_pll: sdram_pll.phasedone_conduit must be exported, or connected to a matching conduit.
Info: ip-generate succeeded.
Info: Finished: Create block symbol file (.bsf)
Info: 
Info: Starting: Create HDL design files for synthesis
Info: qsys-generate U:\ece385\Lab7\lab7_soc.qsys --synthesis=VERILOG --output-directory=U:\ece385\Lab7\lab7_soc\synthesis --family="Cyclone IV E" --part=EP4CE115F29C7
Progress: Loading Lab7/lab7_soc.qsys
Progress: Reading input file
Progress: Adding SW [altera_avalon_pio 15.0]
Progress: Parameterizing module SW
Progress: Adding clk_0 [clock_source 15.0]
Progress: Parameterizing module clk_0
Progress: Adding key_2 [altera_avalon_pio 15.0]
Progress: Parameterizing module key_2
Progress: Adding key_3 [altera_avalon_pio 15.0]
Progress: Parameterizing module key_3
Progress: Adding led [altera_avalon_pio 15.0]
Progress: Parameterizing module led
Progress: Adding nios2_gen2_0 [altera_nios2_gen2 15.0]
Progress: Parameterizing module nios2_gen2_0
Progress: Adding onchip_memory2_0 [altera_avalon_onchip_memory2 15.0]
Progress: Parameterizing module onchip_memory2_0
Progress: Adding sdram [altera_avalon_new_sdram_controller 15.0]
Progress: Parameterizing module sdram
Progress: Adding sdram_pll [altpll 15.0]
Progress: Parameterizing module sdram_pll
Progress: Adding sysid_qsys_0 [altera_avalon_sysid_qsys 15.0]
Progress: Parameterizing module sysid_qsys_0
Progress: Building connections
Progress: Parameterizing connections
Progress: Validating
Progress: Done reading input file
Info: lab7_soc.SW: PIO inputs are not hardwired in test bench. Undefined values will be read from PIO inputs during simulation.
Info: lab7_soc.key_2: PIO inputs are not hardwired in test bench. Undefined values will be read from PIO inputs during simulation.
Info: lab7_soc.key_3: PIO inputs are not hardwired in test bench. Undefined values will be read from PIO inputs during simulation.
Info: lab7_soc.sysid_qsys_0: System ID is not assigned automatically. Edit the System ID parameter to provide a unique ID
Info: lab7_soc.sysid_qsys_0: Time stamp will be automatically updated when this component is generated.
Warning: lab7_soc.sdram_pll: sdram_pll.areset_conduit must be exported, or connected to a matching conduit.
Warning: lab7_soc.sdram_pll: sdram_pll.locked_conduit must be exported, or connected to a matching conduit.
Warning: lab7_soc.sdram_pll: sdram_pll.phasedone_conduit must be exported, or connected to a matching conduit.
Info: lab7_soc: Generating lab7_soc "lab7_soc" for QUARTUS_SYNTH
Info: Inserting clock-crossing logic between cmd_demux.src5 and cmd_mux_005.sink0
Info: Inserting clock-crossing logic between cmd_demux_001.src4 and cmd_mux_005.sink1
Info: Inserting clock-crossing logic between rsp_demux_005.src0 and rsp_mux.sink5
Info: Inserting clock-crossing logic between rsp_demux_005.src1 and rsp_mux_001.sink4
Info: SW: Starting RTL generation for module 'lab7_soc_SW'
Info: SW:   Generation command is [exec C:/altera/15.0/quartus/bin64/perl/bin/perl.exe -I C:/altera/15.0/quartus/bin64/perl/lib -I C:/altera/15.0/quartus/sopc_builder/bin/europa -I C:/altera/15.0/quartus/sopc_builder/bin/perl_lib -I C:/altera/15.0/quartus/sopc_builder/bin -I C:/altera/15.0/quartus/../ip/altera/sopc_builder_ip/common -I C:/altera/15.0/quartus/../ip/altera/sopc_builder_ip/altera_avalon_pio -- C:/altera/15.0/quartus/../ip/altera/sopc_builder_ip/altera_avalon_pio/generate_rtl.pl --name=lab7_soc_SW --dir=C:/Users/vvgopal2/AppData/Local/Temp/alt7598_703394620409437605.dir/0084_SW_gen/ --quartus_dir=C:/altera/15.0/quartus --verilog --config=C:/Users/vvgopal2/AppData/Local/Temp/alt7598_703394620409437605.dir/0084_SW_gen//lab7_soc_SW_component_configuration.pl  --do_build_sim=0  ]
Info: SW: Done RTL generation for module 'lab7_soc_SW'
Info: SW: "lab7_soc" instantiated altera_avalon_pio "SW"
Info: key_2: Starting RTL generation for module 'lab7_soc_key_2'
Info: key_2:   Generation command is [exec C:/altera/15.0/quartus/bin64/perl/bin/perl.exe -I C:/altera/15.0/quartus/bin64/perl/lib -I C:/altera/15.0/quartus/sopc_builder/bin/europa -I C:/altera/15.0/quartus/sopc_builder/bin/perl_lib -I C:/altera/15.0/quartus/sopc_builder/bin -I C:/altera/15.0/quartus/../ip/altera/sopc_builder_ip/common -I C:/altera/15.0/quartus/../ip/altera/sopc_builder_ip/altera_avalon_pio -- C:/altera/15.0/quartus/../ip/altera/sopc_builder_ip/altera_avalon_pio/generate_rtl.pl --name=lab7_soc_key_2 --dir=C:/Users/vvgopal2/AppData/Local/Temp/alt7598_703394620409437605.dir/0085_key_2_gen/ --quartus_dir=C:/altera/15.0/quartus --verilog --config=C:/Users/vvgopal2/AppData/Local/Temp/alt7598_703394620409437605.dir/0085_key_2_gen//lab7_soc_key_2_component_configuration.pl  --do_build_sim=0  ]
Info: key_2: Done RTL generation for module 'lab7_soc_key_2'
Info: key_2: "lab7_soc" instantiated altera_avalon_pio "key_2"
Info: led: Starting RTL generation for module 'lab7_soc_led'
Info: led:   Generation command is [exec C:/altera/15.0/quartus/bin64/perl/bin/perl.exe -I C:/altera/15.0/quartus/bin64/perl/lib -I C:/altera/15.0/quartus/sopc_builder/bin/europa -I C:/altera/15.0/quartus/sopc_builder/bin/perl_lib -I C:/altera/15.0/quartus/sopc_builder/bin -I C:/altera/15.0/quartus/../ip/altera/sopc_builder_ip/common -I C:/altera/15.0/quartus/../ip/altera/sopc_builder_ip/altera_avalon_pio -- C:/altera/15.0/quartus/../ip/altera/sopc_builder_ip/altera_avalon_pio/generate_rtl.pl --name=lab7_soc_led --dir=C:/Users/vvgopal2/AppData/Local/Temp/alt7598_703394620409437605.dir/0086_led_gen/ --quartus_dir=C:/altera/15.0/quartus --verilog --config=C:/Users/vvgopal2/AppData/Local/Temp/alt7598_703394620409437605.dir/0086_led_gen//lab7_soc_led_component_configuration.pl  --do_build_sim=0  ]
Info: led: Done RTL generation for module 'lab7_soc_led'
Info: led: "lab7_soc" instantiated altera_avalon_pio "led"
Info: nios2_gen2_0: "lab7_soc" instantiated altera_nios2_gen2 "nios2_gen2_0"
Info: onchip_memory2_0: Starting RTL generation for module 'lab7_soc_onchip_memory2_0'
Info: onchip_memory2_0:   Generation command is [exec C:/altera/15.0/quartus/bin64/perl/bin/perl.exe -I C:/altera/15.0/quartus/bin64/perl/lib -I C:/altera/15.0/quartus/sopc_builder/bin/europa -I C:/altera/15.0/quartus/sopc_builder/bin/perl_lib -I C:/altera/15.0/quartus/sopc_builder/bin -I C:/altera/15.0/quartus/../ip/altera/sopc_builder_ip/common -I C:/altera/15.0/quartus/../ip/altera/sopc_builder_ip/altera_avalon_onchip_memory2 -- C:/altera/15.0/quartus/../ip/altera/sopc_builder_ip/altera_avalon_onchip_memory2/generate_rtl.pl --name=lab7_soc_onchip_memory2_0 --dir=C:/Users/vvgopal2/AppData/Local/Temp/alt7598_703394620409437605.dir/0087_onchip_memory2_0_gen/ --quartus_dir=C:/altera/15.0/quartus --verilog --config=C:/Users/vvgopal2/AppData/Local/Temp/alt7598_703394620409437605.dir/0087_onchip_memory2_0_gen//lab7_soc_onchip_memory2_0_component_configuration.pl  --do_build_sim=0  ]
Info: onchip_memory2_0: Done RTL generation for module 'lab7_soc_onchip_memory2_0'
Info: onchip_memory2_0: "lab7_soc" instantiated altera_avalon_onchip_memory2 "onchip_memory2_0"
Info: sdram: Starting RTL generation for module 'lab7_soc_sdram'
Info: sdram:   Generation command is [exec C:/altera/15.0/quartus/bin64/perl/bin/perl.exe -I C:/altera/15.0/quartus/bin64/perl/lib -I C:/altera/15.0/quartus/sopc_builder/bin/europa -I C:/altera/15.0/quartus/sopc_builder/bin/perl_lib -I C:/altera/15.0/quartus/sopc_builder/bin -I C:/altera/15.0/quartus/../ip/altera/sopc_builder_ip/common -I C:/altera/15.0/quartus/../ip/altera/sopc_builder_ip/altera_avalon_new_sdram_controller -- C:/altera/15.0/quartus/../ip/altera/sopc_builder_ip/altera_avalon_new_sdram_controller/generate_rtl.pl --name=lab7_soc_sdram --dir=C:/Users/vvgopal2/AppData/Local/Temp/alt7598_703394620409437605.dir/0088_sdram_gen/ --quartus_dir=C:/altera/15.0/quartus --verilog --config=C:/Users/vvgopal2/AppData/Local/Temp/alt7598_703394620409437605.dir/0088_sdram_gen//lab7_soc_sdram_component_configuration.pl  --do_build_sim=0  ]
Info: sdram: Done RTL generation for module 'lab7_soc_sdram'
Info: sdram: "lab7_soc" instantiated altera_avalon_new_sdram_controller "sdram"
Info: sdram_pll: "lab7_soc" instantiated altpll "sdram_pll"
Info: sysid_qsys_0: "lab7_soc" instantiated altera_avalon_sysid_qsys "sysid_qsys_0"
Info: avalon_st_adapter: Inserting error_adapter: error_adapter_0
Info: avalon_st_adapter_001: Inserting error_adapter: error_adapter_0
Info: avalon_st_adapter_002: Inserting error_adapter: error_adapter_0
Info: avalon_st_adapter_003: Inserting error_adapter: error_adapter_0
Info: avalon_st_adapter_004: Inserting error_adapter: error_adapter_0
Info: avalon_st_adapter_005: Inserting error_adapter: error_adapter_0
Info: avalon_st_adapter_006: Inserting error_adapter: error_adapter_0
Info: avalon_st_adapter_007: Inserting error_adapter: error_adapter_0
Info: avalon_st_adapter_008: Inserting error_adapter: error_adapter_0
Info: mm_interconnect_0: "lab7_soc" instantiated altera_mm_interconnect "mm_interconnect_0"
Info: irq_mapper: "lab7_soc" instantiated altera_irq_mapper "irq_mapper"
Info: rst_controller: "lab7_soc" instantiated altera_reset_controller "rst_controller"
Info: cpu: Starting RTL generation for module 'lab7_soc_nios2_gen2_0_cpu'
Info: cpu:   Generation command is [exec C:/altera/15.0/quartus/bin64/eperlcmd.exe -I C:/altera/15.0/quartus/bin64/perl/lib -I C:/altera/15.0/quartus/sopc_builder/bin/europa -I C:/altera/15.0/quartus/sopc_builder/bin/perl_lib -I C:/altera/15.0/quartus/sopc_builder/bin -I C:/altera/15.0/quartus/../ip/altera/nios2_ip/altera_nios2_gen2/cpu_lib -I C:/altera/15.0/quartus/../ip/altera/nios2_ip/altera_nios2_gen2/nios_lib -I C:/altera/15.0/quartus/../ip/altera/nios2_ip/altera_nios2_gen2 -I C:/altera/15.0/quartus/../ip/altera/nios2_ip/altera_nios2_gen2 -- C:/altera/15.0/quartus/../ip/altera/nios2_ip/altera_nios2_gen2/generate_rtl.epl --name=lab7_soc_nios2_gen2_0_cpu --dir=C:/Users/vvgopal2/AppData/Local/Temp/alt7598_703394620409437605.dir/0094_cpu_gen/ --quartus_bindir=C:/altera/15.0/quartus/bin64 --verilog --config=C:/Users/vvgopal2/AppData/Local/Temp/alt7598_703394620409437605.dir/0094_cpu_gen//lab7_soc_nios2_gen2_0_cpu_processor_configuration.pl  --do_build_sim=0  ]
Info: cpu: # 2018.03.08 13:11:30 (*) Starting Nios II generation
Info: cpu: # 2018.03.08 13:11:30 (*)   Checking for plaintext license.
Info: cpu: # 2018.03.08 13:11:32 (*)   Couldn't query license setup in Quartus directory C:/altera/15.0/quartus/bin64
Info: cpu: # 2018.03.08 13:11:32 (*)   Defaulting to contents of LM_LICENSE_FILE environment variable
Info: cpu: # 2018.03.08 13:11:32 (*)   Plaintext license not found.
Info: cpu: # 2018.03.08 13:11:32 (*)   No license required to generate encrypted Nios II/e.
Info: cpu: # 2018.03.08 13:11:32 (*)   Elaborating CPU configuration settings
Info: cpu: # 2018.03.08 13:11:32 (*)   Creating all objects for CPU
Info: cpu: # 2018.03.08 13:11:32 (*)   Generating RTL from CPU objects
Info: cpu: # 2018.03.08 13:11:32 (*)   Creating plain-text RTL
Info: cpu: # 2018.03.08 13:11:33 (*) Done Nios II generation
Info: cpu: Done RTL generation for module 'lab7_soc_nios2_gen2_0_cpu'
Info: cpu: "nios2_gen2_0" instantiated altera_nios2_gen2_unit "cpu"
Info: nios2_gen2_0_data_master_translator: "mm_interconnect_0" instantiated altera_merlin_master_translator "nios2_gen2_0_data_master_translator"
Info: sysid_qsys_0_control_slave_translator: "mm_interconnect_0" instantiated altera_merlin_slave_translator "sysid_qsys_0_control_slave_translator"
Info: nios2_gen2_0_data_master_agent: "mm_interconnect_0" instantiated altera_merlin_master_agent "nios2_gen2_0_data_master_agent"
Info: sysid_qsys_0_control_slave_agent: "mm_interconnect_0" instantiated altera_merlin_slave_agent "sysid_qsys_0_control_slave_agent"
Info: sysid_qsys_0_control_slave_agent_rsp_fifo: "mm_interconnect_0" instantiated altera_avalon_sc_fifo "sysid_qsys_0_control_slave_agent_rsp_fifo"
Info: router: "mm_interconnect_0" instantiated altera_merlin_router "router"
Info: router_001: "mm_interconnect_0" instantiated altera_merlin_router "router_001"
Info: router_002: "mm_interconnect_0" instantiated altera_merlin_router "router_002"
Info: router_006: "mm_interconnect_0" instantiated altera_merlin_router "router_006"
Info: cmd_demux: "mm_interconnect_0" instantiated altera_merlin_demultiplexer "cmd_demux"
Info: cmd_demux_001: "mm_interconnect_0" instantiated altera_merlin_demultiplexer "cmd_demux_001"
Info: cmd_mux: "mm_interconnect_0" instantiated altera_merlin_multiplexer "cmd_mux"
Info: cmd_mux_004: "mm_interconnect_0" instantiated altera_merlin_multiplexer "cmd_mux_004"
Info: Reusing file U:/ece385/Lab7/lab7_soc/synthesis/submodules/altera_merlin_arbitrator.sv
Info: rsp_demux: "mm_interconnect_0" instantiated altera_merlin_demultiplexer "rsp_demux"
Info: rsp_demux_004: "mm_interconnect_0" instantiated altera_merlin_demultiplexer "rsp_demux_004"
Info: rsp_mux: "mm_interconnect_0" instantiated altera_merlin_multiplexer "rsp_mux"
Info: Reusing file U:/ece385/Lab7/lab7_soc/synthesis/submodules/altera_merlin_arbitrator.sv
Info: rsp_mux_001: "mm_interconnect_0" instantiated altera_merlin_multiplexer "rsp_mux_001"
Info: Reusing file U:/ece385/Lab7/lab7_soc/synthesis/submodules/altera_merlin_arbitrator.sv
Info: crosser: "mm_interconnect_0" instantiated altera_avalon_st_handshake_clock_crosser "crosser"
Info: avalon_st_adapter: "mm_interconnect_0" instantiated altera_avalon_st_adapter "avalon_st_adapter"
Info: error_adapter_0: "avalon_st_adapter" instantiated error_adapter "error_adapter_0"
Info: lab7_soc: Done "lab7_soc" with 33 modules, 48 files
Info: ip-generate succeeded.
Info: Finished: Create HDL design files for synthesis
