Analysis & Synthesis report for LC3_highlevel
Fri Feb 23 16:58:21 2018
Quartus II 64-Bit Version 15.0.0 Build 145 04/22/2015 SJ Web Edition


---------------------
; Table of Contents ;
---------------------
  1. Legal Notice
  2. Analysis & Synthesis Summary
  3. Analysis & Synthesis Settings
  4. Parallel Compilation
  5. Analysis & Synthesis Source Files Read
  6. Analysis & Synthesis Resource Usage Summary
  7. Analysis & Synthesis Resource Utilization by Entity
  8. State Machine - |lab6_toplevel|slc3:my_slc|ISDU:state_controller|State
  9. User-Specified and Inferred Latches
 10. Registers Removed During Synthesis
 11. General Register Statistics
 12. Multiplexer Restructuring Statistics (Restructuring Performed)
 13. Parameter Settings for User Entity Instance: slc3:my_slc|datapath:d0|mux16:gateMux
 14. Parameter Settings for User Entity Instance: slc3:my_slc|datapath:d0|register:PC
 15. Parameter Settings for User Entity Instance: slc3:my_slc|datapath:d0|register:MAR
 16. Parameter Settings for User Entity Instance: slc3:my_slc|datapath:d0|register:MDR
 17. Parameter Settings for User Entity Instance: slc3:my_slc|tristate:tr0
 18. Parameter Settings for User Entity Instance: test_memory:my_test_memory
 19. Parameter Settings for User Entity Instance: test_memory:my_test_memory|memory_parser:parser
 20. Port Connectivity Checks: "slc3:my_slc|ISDU:state_controller"
 21. Port Connectivity Checks: "slc3:my_slc|Mem2IO:memory_subsystem"
 22. Post-Synthesis Netlist Statistics for Top Partition
 23. Elapsed Time Per Partition
 24. Analysis & Synthesis Messages
 25. Analysis & Synthesis Suppressed Messages



----------------
; Legal Notice ;
----------------
Copyright (C) 1991-2015 Altera Corporation. All rights reserved.
Your use of Altera Corporation's design tools, logic functions 
and other software and tools, and its AMPP partner logic 
functions, and any output files from any of the foregoing 
(including device programming or simulation files), and any 
associated documentation or information are expressly subject 
to the terms and conditions of the Altera Program License 
Subscription Agreement, the Altera Quartus II License Agreement,
the Altera MegaCore Function License Agreement, or other 
applicable license agreement, including, without limitation, 
that your use is for the sole purpose of programming logic 
devices manufactured by Altera and sold by Altera or its 
authorized distributors.  Please refer to the applicable 
agreement for further details.



+---------------------------------------------------------------------------------+
; Analysis & Synthesis Summary                                                    ;
+------------------------------------+--------------------------------------------+
; Analysis & Synthesis Status        ; Successful - Fri Feb 23 16:58:21 2018      ;
; Quartus II 64-Bit Version          ; 15.0.0 Build 145 04/22/2015 SJ Web Edition ;
; Revision Name                      ; LC3_highlevel                              ;
; Top-level Entity Name              ; lab6_toplevel                              ;
; Family                             ; Cyclone IV E                               ;
; Total logic elements               ; 215                                        ;
;     Total combinational functions  ; 183                                        ;
;     Dedicated logic registers      ; 71                                         ;
; Total registers                    ; 71                                         ;
; Total pins                         ; 129                                        ;
; Total virtual pins                 ; 0                                          ;
; Total memory bits                  ; 0                                          ;
; Embedded Multiplier 9-bit elements ; 0                                          ;
; Total PLLs                         ; 0                                          ;
+------------------------------------+--------------------------------------------+


+----------------------------------------------------------------------------------------------------------------------+
; Analysis & Synthesis Settings                                                                                        ;
+----------------------------------------------------------------------------+--------------------+--------------------+
; Option                                                                     ; Setting            ; Default Value      ;
+----------------------------------------------------------------------------+--------------------+--------------------+
; Device                                                                     ; EP4CE115F29C7      ;                    ;
; Top-level entity name                                                      ; lab6_toplevel      ; LC3_highlevel      ;
; Family name                                                                ; Cyclone IV E       ; Cyclone V          ;
; Use smart compilation                                                      ; Off                ; Off                ;
; Enable parallel Assembler and TimeQuest Timing Analyzer during compilation ; On                 ; On                 ;
; Enable compact report table                                                ; Off                ; Off                ;
; Restructure Multiplexers                                                   ; Auto               ; Auto               ;
; Create Debugging Nodes for IP Cores                                        ; Off                ; Off                ;
; Preserve fewer node names                                                  ; On                 ; On                 ;
; Disable OpenCore Plus hardware evaluation                                  ; Off                ; Off                ;
; Verilog Version                                                            ; Verilog_2001       ; Verilog_2001       ;
; VHDL Version                                                               ; VHDL_1993          ; VHDL_1993          ;
; State Machine Processing                                                   ; Auto               ; Auto               ;
; Safe State Machine                                                         ; Off                ; Off                ;
; Extract Verilog State Machines                                             ; On                 ; On                 ;
; Extract VHDL State Machines                                                ; On                 ; On                 ;
; Ignore Verilog initial constructs                                          ; Off                ; Off                ;
; Iteration limit for constant Verilog loops                                 ; 5000               ; 5000               ;
; Iteration limit for non-constant Verilog loops                             ; 250                ; 250                ;
; Add Pass-Through Logic to Inferred RAMs                                    ; On                 ; On                 ;
; Infer RAMs from Raw Logic                                                  ; On                 ; On                 ;
; Parallel Synthesis                                                         ; On                 ; On                 ;
; DSP Block Balancing                                                        ; Auto               ; Auto               ;
; NOT Gate Push-Back                                                         ; On                 ; On                 ;
; Power-Up Don't Care                                                        ; On                 ; On                 ;
; Remove Redundant Logic Cells                                               ; Off                ; Off                ;
; Remove Duplicate Registers                                                 ; On                 ; On                 ;
; Ignore CARRY Buffers                                                       ; Off                ; Off                ;
; Ignore CASCADE Buffers                                                     ; Off                ; Off                ;
; Ignore GLOBAL Buffers                                                      ; Off                ; Off                ;
; Ignore ROW GLOBAL Buffers                                                  ; Off                ; Off                ;
; Ignore LCELL Buffers                                                       ; Off                ; Off                ;
; Ignore SOFT Buffers                                                        ; On                 ; On                 ;
; Limit AHDL Integers to 32 Bits                                             ; Off                ; Off                ;
; Optimization Technique                                                     ; Balanced           ; Balanced           ;
; Carry Chain Length                                                         ; 70                 ; 70                 ;
; Auto Carry Chains                                                          ; On                 ; On                 ;
; Auto Open-Drain Pins                                                       ; On                 ; On                 ;
; Perform WYSIWYG Primitive Resynthesis                                      ; Off                ; Off                ;
; Auto ROM Replacement                                                       ; On                 ; On                 ;
; Auto RAM Replacement                                                       ; On                 ; On                 ;
; Auto DSP Block Replacement                                                 ; On                 ; On                 ;
; Auto Shift Register Replacement                                            ; Auto               ; Auto               ;
; Allow Shift Register Merging across Hierarchies                            ; Auto               ; Auto               ;
; Auto Clock Enable Replacement                                              ; On                 ; On                 ;
; Strict RAM Replacement                                                     ; Off                ; Off                ;
; Allow Synchronous Control Signals                                          ; On                 ; On                 ;
; Force Use of Synchronous Clear Signals                                     ; Off                ; Off                ;
; Auto RAM Block Balancing                                                   ; On                 ; On                 ;
; Auto RAM to Logic Cell Conversion                                          ; Off                ; Off                ;
; Auto Resource Sharing                                                      ; Off                ; Off                ;
; Allow Any RAM Size For Recognition                                         ; Off                ; Off                ;
; Allow Any ROM Size For Recognition                                         ; Off                ; Off                ;
; Allow Any Shift Register Size For Recognition                              ; Off                ; Off                ;
; Use LogicLock Constraints during Resource Balancing                        ; On                 ; On                 ;
; Ignore translate_off and synthesis_off directives                          ; Off                ; Off                ;
; Timing-Driven Synthesis                                                    ; On                 ; On                 ;
; Report Parameter Settings                                                  ; On                 ; On                 ;
; Report Source Assignments                                                  ; On                 ; On                 ;
; Report Connectivity Checks                                                 ; On                 ; On                 ;
; Ignore Maximum Fan-Out Assignments                                         ; Off                ; Off                ;
; Synchronization Register Chain Length                                      ; 2                  ; 2                  ;
; PowerPlay Power Optimization During Synthesis                              ; Normal compilation ; Normal compilation ;
; HDL message level                                                          ; Level2             ; Level2             ;
; Suppress Register Optimization Related Messages                            ; Off                ; Off                ;
; Number of Removed Registers Reported in Synthesis Report                   ; 5000               ; 5000               ;
; Number of Swept Nodes Reported in Synthesis Report                         ; 5000               ; 5000               ;
; Number of Inverted Registers Reported in Synthesis Report                  ; 100                ; 100                ;
; Clock MUX Protection                                                       ; On                 ; On                 ;
; Auto Gated Clock Conversion                                                ; Off                ; Off                ;
; Block Design Naming                                                        ; Auto               ; Auto               ;
; SDC constraint protection                                                  ; Off                ; Off                ;
; Synthesis Effort                                                           ; Auto               ; Auto               ;
; Shift Register Replacement - Allow Asynchronous Clear Signal               ; On                 ; On                 ;
; Pre-Mapping Resynthesis Optimization                                       ; Off                ; Off                ;
; Analysis & Synthesis Message Level                                         ; Medium             ; Medium             ;
; Disable Register Merging Across Hierarchies                                ; Auto               ; Auto               ;
; Resource Aware Inference For Block RAM                                     ; On                 ; On                 ;
; Synthesis Seed                                                             ; 1                  ; 1                  ;
+----------------------------------------------------------------------------+--------------------+--------------------+


+------------------------------------------+
; Parallel Compilation                     ;
+----------------------------+-------------+
; Processors                 ; Number      ;
+----------------------------+-------------+
; Number detected on machine ; 4           ;
; Maximum allowed            ; 2           ;
;                            ;             ;
; Average used               ; 1.00        ;
; Maximum used               ; 1           ;
;                            ;             ;
; Usage by Processor         ; % Time Used ;
;     Processor 1            ; 100.0%      ;
;     Processors 2-4         ;   0.0%      ;
+----------------------------+-------------+


+-------------------------------------------------------------------------------------------------------------------------------------------+
; Analysis & Synthesis Source Files Read                                                                                                    ;
+----------------------------------+-----------------+------------------------------+---------------------------------------------+---------+
; File Name with User-Entered Path ; Used in Netlist ; File Type                    ; File Name with Absolute Path                ; Library ;
+----------------------------------+-----------------+------------------------------+---------------------------------------------+---------+
; tristate.sv                      ; yes             ; User SystemVerilog HDL File  ; C:/altera/15.0/Lab6_copy/tristate.sv        ;         ;
; test_memory.sv                   ; yes             ; User SystemVerilog HDL File  ; C:/altera/15.0/Lab6_copy/test_memory.sv     ;         ;
; SLC3_2.sv                        ; yes             ; User SystemVerilog HDL File  ; C:/altera/15.0/Lab6_copy/SLC3_2.sv          ;         ;
; slc3.sv                          ; yes             ; User SystemVerilog HDL File  ; C:/altera/15.0/Lab6_copy/slc3.sv            ;         ;
; memory_contents.sv               ; yes             ; User SystemVerilog HDL File  ; C:/altera/15.0/Lab6_copy/memory_contents.sv ;         ;
; Mem2IO.sv                        ; yes             ; User SystemVerilog HDL File  ; C:/altera/15.0/Lab6_copy/Mem2IO.sv          ;         ;
; lab6_toplevel.sv                 ; yes             ; User SystemVerilog HDL File  ; C:/altera/15.0/Lab6_copy/lab6_toplevel.sv   ;         ;
; ISDU.sv                          ; yes             ; User SystemVerilog HDL File  ; C:/altera/15.0/Lab6_copy/ISDU.sv            ;         ;
; register.sv                      ; yes             ; User SystemVerilog HDL File  ; C:/altera/15.0/Lab6_copy/register.sv        ;         ;
; datapath.sv                      ; yes             ; User SystemVerilog HDL File  ; C:/altera/15.0/Lab6_copy/datapath.sv        ;         ;
; HexDriver.sv                     ; yes             ; User SystemVerilog HDL File  ; C:/altera/15.0/Lab6_copy/HexDriver.sv       ;         ;
; mux16.sv                         ; yes             ; User SystemVerilog HDL File  ; C:/altera/15.0/Lab6_copy/mux16.sv           ;         ;
+----------------------------------+-----------------+------------------------------+---------------------------------------------+---------+


+---------------------------------------------------------+
; Analysis & Synthesis Resource Usage Summary             ;
+---------------------------------------------+-----------+
; Resource                                    ; Usage     ;
+---------------------------------------------+-----------+
; Estimated Total logic elements              ; 215       ;
;                                             ;           ;
; Total combinational functions               ; 183       ;
; Logic element usage by number of LUT inputs ;           ;
;     -- 4 input functions                    ; 111       ;
;     -- 3 input functions                    ; 50        ;
;     -- <=2 input functions                  ; 22        ;
;                                             ;           ;
; Logic elements by mode                      ;           ;
;     -- normal mode                          ; 168       ;
;     -- arithmetic mode                      ; 15        ;
;                                             ;           ;
; Total registers                             ; 71        ;
;     -- Dedicated logic registers            ; 71        ;
;     -- I/O registers                        ; 0         ;
;                                             ;           ;
; I/O pins                                    ; 129       ;
;                                             ;           ;
; Embedded Multiplier 9-bit elements          ; 0         ;
;                                             ;           ;
; Maximum fan-out node                        ; Clk~input ;
; Maximum fan-out                             ; 71        ;
; Total fan-out                               ; 1063      ;
; Average fan-out                             ; 2.01      ;
+---------------------------------------------+-----------+


+-------------------------------------------------------------------------------------------------------------------------------------------------------------------------------------------------------------------+
; Analysis & Synthesis Resource Utilization by Entity                                                                                                                                                               ;
+---------------------------------+-------------------+--------------+-------------+--------------+---------+-----------+------+--------------+------------------------------------------------------+--------------+
; Compilation Hierarchy Node      ; LC Combinationals ; LC Registers ; Memory Bits ; DSP Elements ; DSP 9x9 ; DSP 18x18 ; Pins ; Virtual Pins ; Full Hierarchy Name                                  ; Library Name ;
+---------------------------------+-------------------+--------------+-------------+--------------+---------+-----------+------+--------------+------------------------------------------------------+--------------+
; |lab6_toplevel                  ; 183 (0)           ; 71 (0)       ; 0           ; 0            ; 0       ; 0         ; 129  ; 0            ; |lab6_toplevel                                       ; work         ;
;    |slc3:my_slc|                ; 183 (65)          ; 71 (0)       ; 0           ; 0            ; 0       ; 0         ; 0    ; 0            ; |lab6_toplevel|slc3:my_slc                           ; work         ;
;       |HexDriver:hex_driver0|   ; 7 (7)             ; 0 (0)        ; 0           ; 0            ; 0       ; 0         ; 0    ; 0            ; |lab6_toplevel|slc3:my_slc|HexDriver:hex_driver0     ; work         ;
;       |HexDriver:hex_driver1|   ; 7 (7)             ; 0 (0)        ; 0           ; 0            ; 0       ; 0         ; 0    ; 0            ; |lab6_toplevel|slc3:my_slc|HexDriver:hex_driver1     ; work         ;
;       |HexDriver:hex_driver2|   ; 7 (7)             ; 0 (0)        ; 0           ; 0            ; 0       ; 0         ; 0    ; 0            ; |lab6_toplevel|slc3:my_slc|HexDriver:hex_driver2     ; work         ;
;       |HexDriver:hex_driver3|   ; 7 (7)             ; 0 (0)        ; 0           ; 0            ; 0       ; 0         ; 0    ; 0            ; |lab6_toplevel|slc3:my_slc|HexDriver:hex_driver3     ; work         ;
;       |HexDriver:hex_driver4|   ; 7 (7)             ; 0 (0)        ; 0           ; 0            ; 0       ; 0         ; 0    ; 0            ; |lab6_toplevel|slc3:my_slc|HexDriver:hex_driver4     ; work         ;
;       |HexDriver:hex_driver5|   ; 7 (7)             ; 0 (0)        ; 0           ; 0            ; 0       ; 0         ; 0    ; 0            ; |lab6_toplevel|slc3:my_slc|HexDriver:hex_driver5     ; work         ;
;       |HexDriver:hex_driver6|   ; 7 (7)             ; 0 (0)        ; 0           ; 0            ; 0       ; 0         ; 0    ; 0            ; |lab6_toplevel|slc3:my_slc|HexDriver:hex_driver6     ; work         ;
;       |HexDriver:hex_driver7|   ; 7 (7)             ; 0 (0)        ; 0           ; 0            ; 0       ; 0         ; 0    ; 0            ; |lab6_toplevel|slc3:my_slc|HexDriver:hex_driver7     ; work         ;
;       |ISDU:state_controller|   ; 8 (8)             ; 7 (7)        ; 0           ; 0            ; 0       ; 0         ; 0    ; 0            ; |lab6_toplevel|slc3:my_slc|ISDU:state_controller     ; work         ;
;       |Mem2IO:memory_subsystem| ; 5 (5)             ; 0 (0)        ; 0           ; 0            ; 0       ; 0         ; 0    ; 0            ; |lab6_toplevel|slc3:my_slc|Mem2IO:memory_subsystem   ; work         ;
;       |datapath:d0|             ; 49 (1)            ; 32 (0)       ; 0           ; 0            ; 0       ; 0         ; 0    ; 0            ; |lab6_toplevel|slc3:my_slc|datapath:d0               ; work         ;
;          |mux16:gateMux|        ; 32 (32)           ; 0 (0)        ; 0           ; 0            ; 0       ; 0         ; 0    ; 0            ; |lab6_toplevel|slc3:my_slc|datapath:d0|mux16:gateMux ; work         ;
;          |register:MDR|         ; 0 (0)             ; 16 (16)      ; 0           ; 0            ; 0       ; 0         ; 0    ; 0            ; |lab6_toplevel|slc3:my_slc|datapath:d0|register:MDR  ; work         ;
;          |register:PC|          ; 16 (16)           ; 16 (16)      ; 0           ; 0            ; 0       ; 0         ; 0    ; 0            ; |lab6_toplevel|slc3:my_slc|datapath:d0|register:PC   ; work         ;
;       |tristate:tr0|            ; 0 (0)             ; 32 (32)      ; 0           ; 0            ; 0       ; 0         ; 0    ; 0            ; |lab6_toplevel|slc3:my_slc|tristate:tr0              ; work         ;
+---------------------------------+-------------------+--------------+-------------+--------------+---------+-----------+------+--------------+------------------------------------------------------+--------------+
Note: For table entries with two numbers listed, the numbers in parentheses indicate the number of resources of the given type used by the specific entity alone. The numbers listed outside of parentheses indicate the total resources of the given type used by the specific entity and all of its sub-entities in the hierarchy.


Encoding Type:  One-Hot
+---------------------------------------------------------------------------------------------------------------------------------------------------+
; State Machine - |lab6_toplevel|slc3:my_slc|ISDU:state_controller|State                                                                            ;
+----------------+------------+------------+--------------+--------------+------------+----------------+----------------+--------------+------------+
; Name           ; State.S_32 ; State.S_35 ; State.S_33_2 ; State.S_33_1 ; State.S_18 ; State.PauseIR2 ; State.PauseIR1 ; State.Halted ; State.S_01 ;
+----------------+------------+------------+--------------+--------------+------------+----------------+----------------+--------------+------------+
; State.Halted   ; 0          ; 0          ; 0            ; 0            ; 0          ; 0              ; 0              ; 0            ; 0          ;
; State.PauseIR1 ; 0          ; 0          ; 0            ; 0            ; 0          ; 0              ; 1              ; 1            ; 0          ;
; State.PauseIR2 ; 0          ; 0          ; 0            ; 0            ; 0          ; 1              ; 0              ; 1            ; 0          ;
; State.S_18     ; 0          ; 0          ; 0            ; 0            ; 1          ; 0              ; 0              ; 1            ; 0          ;
; State.S_33_1   ; 0          ; 0          ; 0            ; 1            ; 0          ; 0              ; 0              ; 1            ; 0          ;
; State.S_33_2   ; 0          ; 0          ; 1            ; 0            ; 0          ; 0              ; 0              ; 1            ; 0          ;
; State.S_35     ; 0          ; 1          ; 0            ; 0            ; 0          ; 0              ; 0              ; 1            ; 0          ;
; State.S_32     ; 1          ; 0          ; 0            ; 0            ; 0          ; 0              ; 0              ; 1            ; 0          ;
; State.S_01     ; 0          ; 0          ; 0            ; 0            ; 0          ; 0              ; 0              ; 1            ; 1          ;
+----------------+------------+------------+--------------+--------------+------------+----------------+----------------+--------------+------------+


+-----------------------------------------------------------------------------------------------------------------------------+
; User-Specified and Inferred Latches                                                                                         ;
+-----------------------------------------------------+----------------------------------------------+------------------------+
; Latch Name                                          ; Latch Enable Signal                          ; Free of Timing Hazards ;
+-----------------------------------------------------+----------------------------------------------+------------------------+
; slc3:my_slc|IR[0]                                   ; slc3:my_slc|IR                               ; yes                    ;
; slc3:my_slc|IR[1]                                   ; slc3:my_slc|IR                               ; yes                    ;
; slc3:my_slc|IR[2]                                   ; slc3:my_slc|IR                               ; yes                    ;
; slc3:my_slc|IR[3]                                   ; slc3:my_slc|IR                               ; yes                    ;
; slc3:my_slc|IR[4]                                   ; slc3:my_slc|IR                               ; yes                    ;
; slc3:my_slc|IR[5]                                   ; slc3:my_slc|IR                               ; yes                    ;
; slc3:my_slc|IR[6]                                   ; slc3:my_slc|IR                               ; yes                    ;
; slc3:my_slc|IR[7]                                   ; slc3:my_slc|IR                               ; yes                    ;
; slc3:my_slc|IR[8]                                   ; slc3:my_slc|IR                               ; yes                    ;
; slc3:my_slc|IR[9]                                   ; slc3:my_slc|IR                               ; yes                    ;
; slc3:my_slc|IR[10]                                  ; slc3:my_slc|IR                               ; yes                    ;
; slc3:my_slc|IR[11]                                  ; slc3:my_slc|IR                               ; yes                    ;
; slc3:my_slc|IR[12]                                  ; slc3:my_slc|IR                               ; yes                    ;
; slc3:my_slc|IR[13]                                  ; slc3:my_slc|IR                               ; yes                    ;
; slc3:my_slc|IR[14]                                  ; slc3:my_slc|IR                               ; yes                    ;
; slc3:my_slc|IR[15]                                  ; slc3:my_slc|IR                               ; yes                    ;
; slc3:my_slc|MAR[0]                                  ; slc3:my_slc|ISDU:state_controller|State.S_18 ; yes                    ;
; slc3:my_slc|MAR[1]                                  ; slc3:my_slc|ISDU:state_controller|State.S_18 ; yes                    ;
; slc3:my_slc|MAR[2]                                  ; slc3:my_slc|ISDU:state_controller|State.S_18 ; yes                    ;
; slc3:my_slc|MAR[3]                                  ; slc3:my_slc|ISDU:state_controller|State.S_18 ; yes                    ;
; slc3:my_slc|MAR[4]                                  ; slc3:my_slc|ISDU:state_controller|State.S_18 ; yes                    ;
; slc3:my_slc|MAR[5]                                  ; slc3:my_slc|ISDU:state_controller|State.S_18 ; yes                    ;
; slc3:my_slc|MAR[6]                                  ; slc3:my_slc|ISDU:state_controller|State.S_18 ; yes                    ;
; slc3:my_slc|MAR[7]                                  ; slc3:my_slc|ISDU:state_controller|State.S_18 ; yes                    ;
; slc3:my_slc|MAR[8]                                  ; slc3:my_slc|ISDU:state_controller|State.S_18 ; yes                    ;
; slc3:my_slc|MAR[9]                                  ; slc3:my_slc|ISDU:state_controller|State.S_18 ; yes                    ;
; slc3:my_slc|MAR[10]                                 ; slc3:my_slc|ISDU:state_controller|State.S_18 ; yes                    ;
; slc3:my_slc|MAR[11]                                 ; slc3:my_slc|ISDU:state_controller|State.S_18 ; yes                    ;
; slc3:my_slc|MAR[12]                                 ; slc3:my_slc|ISDU:state_controller|State.S_18 ; yes                    ;
; slc3:my_slc|MAR[13]                                 ; slc3:my_slc|ISDU:state_controller|State.S_18 ; yes                    ;
; slc3:my_slc|MAR[14]                                 ; slc3:my_slc|ISDU:state_controller|State.S_18 ; yes                    ;
; slc3:my_slc|MAR[15]                                 ; slc3:my_slc|ISDU:state_controller|State.S_18 ; yes                    ;
; Number of user-specified and inferred latches = 32  ;                                              ;                        ;
+-----------------------------------------------------+----------------------------------------------+------------------------+
Note: All latches listed above may not be present at the end of synthesis due to various synthesis optimizations.


+-----------------------------------------------------------------------+
; Registers Removed During Synthesis                                    ;
+--------------------------------------------------+--------------------+
; Register name                                    ; Reason for Removal ;
+--------------------------------------------------+--------------------+
; slc3:my_slc|datapath:d0|register:MAR|data[0..15] ; Lost fanout        ;
; slc3:my_slc|ISDU:state_controller|State.S_32     ; Lost fanout        ;
; slc3:my_slc|ISDU:state_controller|State.S_01     ; Lost fanout        ;
; slc3:my_slc|ISDU:state_controller|State~2        ; Lost fanout        ;
; slc3:my_slc|ISDU:state_controller|State~3        ; Lost fanout        ;
; slc3:my_slc|ISDU:state_controller|State~4        ; Lost fanout        ;
; Total Number of Removed Registers = 21           ;                    ;
+--------------------------------------------------+--------------------+


+------------------------------------------------------+
; General Register Statistics                          ;
+----------------------------------------------+-------+
; Statistic                                    ; Value ;
+----------------------------------------------+-------+
; Total registers                              ; 71    ;
; Number of registers using Synchronous Clear  ; 18    ;
; Number of registers using Synchronous Load   ; 0     ;
; Number of registers using Asynchronous Clear ; 0     ;
; Number of registers using Asynchronous Load  ; 0     ;
; Number of registers using Clock Enable       ; 32    ;
; Number of registers using Preset             ; 0     ;
+----------------------------------------------+-------+


+--------------------------------------------------------------------------------------------------------------------------------------------------------------------------+
; Multiplexer Restructuring Statistics (Restructuring Performed)                                                                                                           ;
+--------------------+-----------+---------------+----------------------+------------------------+------------+------------------------------------------------------------+
; Multiplexer Inputs ; Bus Width ; Baseline Area ; Area if Restructured ; Saving if Restructured ; Registered ; Example Multiplexer Output                                 ;
+--------------------+-----------+---------------+----------------------+------------------------+------------+------------------------------------------------------------+
; 3:1                ; 16 bits   ; 32 LEs        ; 32 LEs               ; 0 LEs                  ; No         ; |lab6_toplevel|slc3:my_slc|MDR[8]                          ;
; 8:1                ; 16 bits   ; 80 LEs        ; 48 LEs               ; 32 LEs                 ; No         ; |lab6_toplevel|slc3:my_slc|datapath:d0|mux16:gateMux|Mux12 ;
; 4:1                ; 2 bits    ; 4 LEs         ; 4 LEs                ; 0 LEs                  ; No         ; |lab6_toplevel|slc3:my_slc|ISDU:state_controller|State     ;
+--------------------+-----------+---------------+----------------------+------------------------+------------+------------------------------------------------------------+


+------------------------------------------------------------------------------------+
; Parameter Settings for User Entity Instance: slc3:my_slc|datapath:d0|mux16:gateMux ;
+----------------+-------+-----------------------------------------------------------+
; Parameter Name ; Value ; Type                                                      ;
+----------------+-------+-----------------------------------------------------------+
; width          ; 16    ; Signed Integer                                            ;
+----------------+-------+-----------------------------------------------------------+
Note: In order to hide this table in the UI and the text report file, please set the "Show Parameter Settings in Synthesis Report" option in "Analysis and Synthesis Settings -> More Settings" to "Off".


+----------------------------------------------------------------------------------+
; Parameter Settings for User Entity Instance: slc3:my_slc|datapath:d0|register:PC ;
+----------------+-------+---------------------------------------------------------+
; Parameter Name ; Value ; Type                                                    ;
+----------------+-------+---------------------------------------------------------+
; width          ; 16    ; Signed Integer                                          ;
+----------------+-------+---------------------------------------------------------+
Note: In order to hide this table in the UI and the text report file, please set the "Show Parameter Settings in Synthesis Report" option in "Analysis and Synthesis Settings -> More Settings" to "Off".


+-----------------------------------------------------------------------------------+
; Parameter Settings for User Entity Instance: slc3:my_slc|datapath:d0|register:MAR ;
+----------------+-------+----------------------------------------------------------+
; Parameter Name ; Value ; Type                                                     ;
+----------------+-------+----------------------------------------------------------+
; width          ; 16    ; Signed Integer                                           ;
+----------------+-------+----------------------------------------------------------+
Note: In order to hide this table in the UI and the text report file, please set the "Show Parameter Settings in Synthesis Report" option in "Analysis and Synthesis Settings -> More Settings" to "Off".


+-----------------------------------------------------------------------------------+
; Parameter Settings for User Entity Instance: slc3:my_slc|datapath:d0|register:MDR ;
+----------------+-------+----------------------------------------------------------+
; Parameter Name ; Value ; Type                                                     ;
+----------------+-------+----------------------------------------------------------+
; width          ; 16    ; Signed Integer                                           ;
+----------------+-------+----------------------------------------------------------+
Note: In order to hide this table in the UI and the text report file, please set the "Show Parameter Settings in Synthesis Report" option in "Analysis and Synthesis Settings -> More Settings" to "Off".


+-----------------------------------------------------------------------+
; Parameter Settings for User Entity Instance: slc3:my_slc|tristate:tr0 ;
+----------------+-------+----------------------------------------------+
; Parameter Name ; Value ; Type                                         ;
+----------------+-------+----------------------------------------------+
; N              ; 16    ; Signed Integer                               ;
+----------------+-------+----------------------------------------------+
Note: In order to hide this table in the UI and the text report file, please set the "Show Parameter Settings in Synthesis Report" option in "Analysis and Synthesis Settings -> More Settings" to "Off".


+-------------------------------------------------------------------------+
; Parameter Settings for User Entity Instance: test_memory:my_test_memory ;
+----------------+-------+------------------------------------------------+
; Parameter Name ; Value ; Type                                           ;
+----------------+-------+------------------------------------------------+
; size           ; 256   ; Signed Integer                                 ;
; init_external  ; 0     ; Signed Integer                                 ;
+----------------+-------+------------------------------------------------+
Note: In order to hide this table in the UI and the text report file, please set the "Show Parameter Settings in Synthesis Report" option in "Analysis and Synthesis Settings -> More Settings" to "Off".


+----------------------------------------------------------------------------------------------+
; Parameter Settings for User Entity Instance: test_memory:my_test_memory|memory_parser:parser ;
+----------------+-------+---------------------------------------------------------------------+
; Parameter Name ; Value ; Type                                                                ;
+----------------+-------+---------------------------------------------------------------------+
; size           ; 256   ; Signed Integer                                                      ;
+----------------+-------+---------------------------------------------------------------------+
Note: In order to hide this table in the UI and the text report file, please set the "Show Parameter Settings in Synthesis Report" option in "Analysis and Synthesis Settings -> More Settings" to "Off".


+--------------------------------------------------------------------------------------------------------------------+
; Port Connectivity Checks: "slc3:my_slc|ISDU:state_controller"                                                      ;
+----------+--------+----------+-------------------------------------------------------------------------------------+
; Port     ; Type   ; Severity ; Details                                                                             ;
+----------+--------+----------+-------------------------------------------------------------------------------------+
; BEN      ; Input  ; Info     ; Stuck at GND                                                                        ;
; LD_BEN   ; Output ; Info     ; Connected to dangling logic. Logic that only feeds a dangling port will be removed. ;
; LD_CC    ; Output ; Info     ; Connected to dangling logic. Logic that only feeds a dangling port will be removed. ;
; LD_REG   ; Output ; Info     ; Connected to dangling logic. Logic that only feeds a dangling port will be removed. ;
; LD_LED   ; Output ; Info     ; Connected to dangling logic. Logic that only feeds a dangling port will be removed. ;
; PCMUX    ; Output ; Info     ; Connected to dangling logic. Logic that only feeds a dangling port will be removed. ;
; DRMUX    ; Output ; Info     ; Connected to dangling logic. Logic that only feeds a dangling port will be removed. ;
; SR1MUX   ; Output ; Info     ; Connected to dangling logic. Logic that only feeds a dangling port will be removed. ;
; SR2MUX   ; Output ; Info     ; Connected to dangling logic. Logic that only feeds a dangling port will be removed. ;
; ADDR1MUX ; Output ; Info     ; Connected to dangling logic. Logic that only feeds a dangling port will be removed. ;
; ADDR2MUX ; Output ; Info     ; Connected to dangling logic. Logic that only feeds a dangling port will be removed. ;
; ALUK     ; Output ; Info     ; Connected to dangling logic. Logic that only feeds a dangling port will be removed. ;
+----------+--------+----------+-------------------------------------------------------------------------------------+


+------------------------------------------------------------------------------------------------------------------------+
; Port Connectivity Checks: "slc3:my_slc|Mem2IO:memory_subsystem"                                                        ;
+--------------+--------+----------+-------------------------------------------------------------------------------------+
; Port         ; Type   ; Severity ; Details                                                                             ;
+--------------+--------+----------+-------------------------------------------------------------------------------------+
; ADDR[19..16] ; Input  ; Info     ; Stuck at GND                                                                        ;
; HEX0         ; Output ; Info     ; Connected to dangling logic. Logic that only feeds a dangling port will be removed. ;
; HEX1         ; Output ; Info     ; Connected to dangling logic. Logic that only feeds a dangling port will be removed. ;
; HEX2         ; Output ; Info     ; Connected to dangling logic. Logic that only feeds a dangling port will be removed. ;
; HEX3         ; Output ; Info     ; Connected to dangling logic. Logic that only feeds a dangling port will be removed. ;
+--------------+--------+----------+-------------------------------------------------------------------------------------+


+-----------------------------------------------------+
; Post-Synthesis Netlist Statistics for Top Partition ;
+-----------------------+-----------------------------+
; Type                  ; Count                       ;
+-----------------------+-----------------------------+
; boundary_port         ; 129                         ;
; cycloneiii_ff         ; 71                          ;
;     ENA               ; 16                          ;
;     ENA SCLR          ; 16                          ;
;     SCLR              ; 2                           ;
;     plain             ; 37                          ;
; cycloneiii_io_obuf    ; 16                          ;
; cycloneiii_lcell_comb ; 194                         ;
;     arith             ; 15                          ;
;         2 data inputs ; 15                          ;
;     normal            ; 179                         ;
;         0 data inputs ; 2                           ;
;         1 data inputs ; 10                          ;
;         2 data inputs ; 6                           ;
;         3 data inputs ; 50                          ;
;         4 data inputs ; 111                         ;
;                       ;                             ;
; Max LUT depth         ; 4.00                        ;
; Average LUT depth     ; 1.87                        ;
+-----------------------+-----------------------------+


+-------------------------------+
; Elapsed Time Per Partition    ;
+----------------+--------------+
; Partition Name ; Elapsed Time ;
+----------------+--------------+
; Top            ; 00:00:01     ;
+----------------+--------------+


+-------------------------------+
; Analysis & Synthesis Messages ;
+-------------------------------+
Info: *******************************************************************
Info: Running Quartus II 64-Bit Analysis & Synthesis
    Info: Version 15.0.0 Build 145 04/22/2015 SJ Web Edition
    Info: Processing started: Fri Feb 23 16:58:07 2018
Info: Command: quartus_map --read_settings_files=on --write_settings_files=off lab6 -c LC3_highlevel
Info (11104): Parallel Compilation has detected 4 hyper-threaded processors. However, the extra hyper-threaded processors will not be used by default. Parallel Compilation will use 2 of the 2 physical processors detected instead.
Info (12021): Found 1 design units, including 1 entities, in source file tristate.sv
    Info (12023): Found entity 1: tristate
Info (12021): Found 1 design units, including 1 entities, in source file test_memory.sv
    Info (12023): Found entity 1: test_memory
Info (12021): Found 1 design units, including 0 entities, in source file slc3_2.sv
    Info (12022): Found design unit 1: SLC3_2 (SystemVerilog)
Info (12021): Found 1 design units, including 1 entities, in source file slc3.sv
    Info (12023): Found entity 1: slc3
Info (12021): Found 1 design units, including 1 entities, in source file memory_contents.sv
    Info (12023): Found entity 1: memory_parser
Info (12021): Found 1 design units, including 1 entities, in source file mem2io.sv
    Info (12023): Found entity 1: Mem2IO
Info (12021): Found 1 design units, including 1 entities, in source file lab6_toplevel.sv
    Info (12023): Found entity 1: lab6_toplevel
Info (12021): Found 1 design units, including 1 entities, in source file isdu.sv
    Info (12023): Found entity 1: ISDU
Info (12021): Found 1 design units, including 1 entities, in source file register.sv
    Info (12023): Found entity 1: register
Info (12021): Found 1 design units, including 1 entities, in source file datapath.sv
    Info (12023): Found entity 1: datapath
Info (12021): Found 1 design units, including 1 entities, in source file testbench.sv
    Info (12023): Found entity 1: testbench
Info (12021): Found 1 design units, including 1 entities, in source file hexdriver.sv
    Info (12023): Found entity 1: HexDriver
Info (12021): Found 1 design units, including 1 entities, in source file mux16.sv
    Info (12023): Found entity 1: mux16
Info (12127): Elaborating entity "lab6_toplevel" for the top level hierarchy
Info (12128): Elaborating entity "slc3" for hierarchy "slc3:my_slc"
Warning (10030): Net "BEN" at slc3.sv(37) has no driver or initial value, using a default initial value '0'
Warning (10034): Output port "LED" at slc3.sv(22) has no driver
Info (10041): Inferred latch for "MAR[0]" at slc3.sv(80)
Info (10041): Inferred latch for "MAR[1]" at slc3.sv(80)
Info (10041): Inferred latch for "MAR[2]" at slc3.sv(80)
Info (10041): Inferred latch for "MAR[3]" at slc3.sv(80)
Info (10041): Inferred latch for "MAR[4]" at slc3.sv(80)
Info (10041): Inferred latch for "MAR[5]" at slc3.sv(80)
Info (10041): Inferred latch for "MAR[6]" at slc3.sv(80)
Info (10041): Inferred latch for "MAR[7]" at slc3.sv(80)
Info (10041): Inferred latch for "MAR[8]" at slc3.sv(80)
Info (10041): Inferred latch for "MAR[9]" at slc3.sv(80)
Info (10041): Inferred latch for "MAR[10]" at slc3.sv(80)
Info (10041): Inferred latch for "MAR[11]" at slc3.sv(80)
Info (10041): Inferred latch for "MAR[12]" at slc3.sv(80)
Info (10041): Inferred latch for "MAR[13]" at slc3.sv(80)
Info (10041): Inferred latch for "MAR[14]" at slc3.sv(80)
Info (10041): Inferred latch for "MAR[15]" at slc3.sv(80)
Info (10041): Inferred latch for "IR[0]" at slc3.sv(79)
Info (10041): Inferred latch for "IR[1]" at slc3.sv(79)
Info (10041): Inferred latch for "IR[2]" at slc3.sv(79)
Info (10041): Inferred latch for "IR[3]" at slc3.sv(79)
Info (10041): Inferred latch for "IR[4]" at slc3.sv(79)
Info (10041): Inferred latch for "IR[5]" at slc3.sv(79)
Info (10041): Inferred latch for "IR[6]" at slc3.sv(79)
Info (10041): Inferred latch for "IR[7]" at slc3.sv(79)
Info (10041): Inferred latch for "IR[8]" at slc3.sv(79)
Info (10041): Inferred latch for "IR[9]" at slc3.sv(79)
Info (10041): Inferred latch for "IR[10]" at slc3.sv(79)
Info (10041): Inferred latch for "IR[11]" at slc3.sv(79)
Info (10041): Inferred latch for "IR[12]" at slc3.sv(79)
Info (10041): Inferred latch for "IR[13]" at slc3.sv(79)
Info (10041): Inferred latch for "IR[14]" at slc3.sv(79)
Info (10041): Inferred latch for "IR[15]" at slc3.sv(79)
Info (12128): Elaborating entity "HexDriver" for hierarchy "slc3:my_slc|HexDriver:hex_driver3"
Info (12128): Elaborating entity "datapath" for hierarchy "slc3:my_slc|datapath:d0"
Info (12128): Elaborating entity "mux16" for hierarchy "slc3:my_slc|datapath:d0|mux16:gateMux"
Info (12128): Elaborating entity "register" for hierarchy "slc3:my_slc|datapath:d0|register:PC"
Info (12128): Elaborating entity "Mem2IO" for hierarchy "slc3:my_slc|Mem2IO:memory_subsystem"
Info (12128): Elaborating entity "tristate" for hierarchy "slc3:my_slc|tristate:tr0"
Info (12128): Elaborating entity "ISDU" for hierarchy "slc3:my_slc|ISDU:state_controller"
Info (12128): Elaborating entity "test_memory" for hierarchy "test_memory:my_test_memory"
Warning (10036): Verilog HDL or VHDL warning at test_memory.sv(42): object "actual_address" assigned a value but never read
Info (12128): Elaborating entity "memory_parser" for hierarchy "test_memory:my_test_memory|memory_parser:parser"
Warning (13046): Tri-state node(s) do not directly drive top-level pin(s)
    Warning (13049): Converted tri-state buffer "slc3:my_slc|datapath:d0|comb~synth" feeding internal logic into a wire
    Warning (13049): Converted tri-state buffer "slc3:my_slc|datapath:d0|comb~synth" feeding internal logic into a wire
    Warning (13049): Converted tri-state buffer "slc3:my_slc|datapath:d0|comb~synth" feeding internal logic into a wire
    Warning (13049): Converted tri-state buffer "slc3:my_slc|datapath:d0|comb~synth" feeding internal logic into a wire
    Warning (13049): Converted tri-state buffer "slc3:my_slc|datapath:d0|comb~synth" feeding internal logic into a wire
    Warning (13049): Converted tri-state buffer "slc3:my_slc|datapath:d0|comb~synth" feeding internal logic into a wire
    Warning (13049): Converted tri-state buffer "slc3:my_slc|datapath:d0|comb~synth" feeding internal logic into a wire
    Warning (13049): Converted tri-state buffer "slc3:my_slc|datapath:d0|comb~synth" feeding internal logic into a wire
    Warning (13049): Converted tri-state buffer "slc3:my_slc|datapath:d0|comb~synth" feeding internal logic into a wire
    Warning (13049): Converted tri-state buffer "slc3:my_slc|datapath:d0|comb~synth" feeding internal logic into a wire
    Warning (13049): Converted tri-state buffer "slc3:my_slc|datapath:d0|comb~synth" feeding internal logic into a wire
    Warning (13049): Converted tri-state buffer "slc3:my_slc|datapath:d0|comb~synth" feeding internal logic into a wire
    Warning (13049): Converted tri-state buffer "slc3:my_slc|datapath:d0|comb~synth" feeding internal logic into a wire
    Warning (13049): Converted tri-state buffer "slc3:my_slc|datapath:d0|comb~synth" feeding internal logic into a wire
    Warning (13049): Converted tri-state buffer "slc3:my_slc|datapath:d0|comb~synth" feeding internal logic into a wire
    Warning (13049): Converted tri-state buffer "slc3:my_slc|datapath:d0|comb~synth" feeding internal logic into a wire
    Warning (13049): Converted tri-state buffer "slc3:my_slc|datapath:d0|comb~synth" feeding internal logic into a wire
    Warning (13049): Converted tri-state buffer "slc3:my_slc|datapath:d0|comb~synth" feeding internal logic into a wire
    Warning (13049): Converted tri-state buffer "slc3:my_slc|datapath:d0|comb~synth" feeding internal logic into a wire
    Warning (13049): Converted tri-state buffer "slc3:my_slc|datapath:d0|comb~synth" feeding internal logic into a wire
    Warning (13049): Converted tri-state buffer "slc3:my_slc|datapath:d0|comb~synth" feeding internal logic into a wire
    Warning (13049): Converted tri-state buffer "slc3:my_slc|datapath:d0|comb~synth" feeding internal logic into a wire
    Warning (13049): Converted tri-state buffer "slc3:my_slc|datapath:d0|comb~synth" feeding internal logic into a wire
    Warning (13049): Converted tri-state buffer "slc3:my_slc|datapath:d0|comb~synth" feeding internal logic into a wire
    Warning (13049): Converted tri-state buffer "slc3:my_slc|datapath:d0|comb~synth" feeding internal logic into a wire
    Warning (13049): Converted tri-state buffer "slc3:my_slc|datapath:d0|comb~synth" feeding internal logic into a wire
    Warning (13049): Converted tri-state buffer "slc3:my_slc|datapath:d0|comb~synth" feeding internal logic into a wire
    Warning (13049): Converted tri-state buffer "slc3:my_slc|datapath:d0|comb~synth" feeding internal logic into a wire
    Warning (13049): Converted tri-state buffer "slc3:my_slc|datapath:d0|comb~synth" feeding internal logic into a wire
    Warning (13049): Converted tri-state buffer "slc3:my_slc|datapath:d0|comb~synth" feeding internal logic into a wire
    Warning (13049): Converted tri-state buffer "slc3:my_slc|datapath:d0|comb~synth" feeding internal logic into a wire
    Warning (13049): Converted tri-state buffer "slc3:my_slc|datapath:d0|comb~synth" feeding internal logic into a wire
    Warning (13049): Converted tri-state buffer "slc3:my_slc|datapath:d0|comb~synth" feeding internal logic into a wire
    Warning (13049): Converted tri-state buffer "slc3:my_slc|datapath:d0|comb~synth" feeding internal logic into a wire
    Warning (13049): Converted tri-state buffer "slc3:my_slc|datapath:d0|comb~synth" feeding internal logic into a wire
    Warning (13049): Converted tri-state buffer "slc3:my_slc|datapath:d0|comb~synth" feeding internal logic into a wire
    Warning (13049): Converted tri-state buffer "slc3:my_slc|datapath:d0|comb~synth" feeding internal logic into a wire
    Warning (13049): Converted tri-state buffer "slc3:my_slc|datapath:d0|comb~synth" feeding internal logic into a wire
    Warning (13049): Converted tri-state buffer "slc3:my_slc|datapath:d0|comb~synth" feeding internal logic into a wire
    Warning (13049): Converted tri-state buffer "slc3:my_slc|datapath:d0|comb~synth" feeding internal logic into a wire
    Warning (13049): Converted tri-state buffer "slc3:my_slc|datapath:d0|comb~synth" feeding internal logic into a wire
    Warning (13049): Converted tri-state buffer "slc3:my_slc|datapath:d0|comb~synth" feeding internal logic into a wire
    Warning (13049): Converted tri-state buffer "slc3:my_slc|datapath:d0|comb~synth" feeding internal logic into a wire
    Warning (13049): Converted tri-state buffer "slc3:my_slc|datapath:d0|comb~synth" feeding internal logic into a wire
    Warning (13049): Converted tri-state buffer "slc3:my_slc|datapath:d0|comb~synth" feeding internal logic into a wire
    Warning (13049): Converted tri-state buffer "slc3:my_slc|datapath:d0|comb~synth" feeding internal logic into a wire
    Warning (13049): Converted tri-state buffer "slc3:my_slc|datapath:d0|comb~synth" feeding internal logic into a wire
    Warning (13049): Converted tri-state buffer "slc3:my_slc|datapath:d0|comb~synth" feeding internal logic into a wire
    Warning (13049): Converted tri-state buffer "slc3:my_slc|datapath:d0|comb~synth" feeding internal logic into a wire
    Warning (13049): Converted tri-state buffer "slc3:my_slc|datapath:d0|comb~synth" feeding internal logic into a wire
    Warning (13049): Converted tri-state buffer "slc3:my_slc|datapath:d0|comb~synth" feeding internal logic into a wire
    Warning (13049): Converted tri-state buffer "slc3:my_slc|datapath:d0|comb~synth" feeding internal logic into a wire
    Warning (13049): Converted tri-state buffer "slc3:my_slc|datapath:d0|comb~synth" feeding internal logic into a wire
    Warning (13049): Converted tri-state buffer "slc3:my_slc|datapath:d0|comb~synth" feeding internal logic into a wire
    Warning (13049): Converted tri-state buffer "slc3:my_slc|datapath:d0|comb~synth" feeding internal logic into a wire
    Warning (13049): Converted tri-state buffer "slc3:my_slc|datapath:d0|comb~synth" feeding internal logic into a wire
    Warning (13049): Converted tri-state buffer "slc3:my_slc|datapath:d0|comb~synth" feeding internal logic into a wire
    Warning (13049): Converted tri-state buffer "slc3:my_slc|datapath:d0|comb~synth" feeding internal logic into a wire
    Warning (13049): Converted tri-state buffer "slc3:my_slc|datapath:d0|comb~synth" feeding internal logic into a wire
    Warning (13049): Converted tri-state buffer "slc3:my_slc|datapath:d0|comb~synth" feeding internal logic into a wire
    Warning (13049): Converted tri-state buffer "slc3:my_slc|datapath:d0|comb~synth" feeding internal logic into a wire
    Warning (13049): Converted tri-state buffer "slc3:my_slc|datapath:d0|comb~synth" feeding internal logic into a wire
    Warning (13049): Converted tri-state buffer "slc3:my_slc|datapath:d0|comb~synth" feeding internal logic into a wire
    Warning (13049): Converted tri-state buffer "slc3:my_slc|datapath:d0|comb~synth" feeding internal logic into a wire
    Warning (13049): Converted tri-state buffer "slc3:my_slc|datapath:d0|comb~synth" feeding internal logic into a wire
    Warning (13049): Converted tri-state buffer "slc3:my_slc|datapath:d0|comb~synth" feeding internal logic into a wire
    Warning (13049): Converted tri-state buffer "slc3:my_slc|datapath:d0|comb~synth" feeding internal logic into a wire
    Warning (13049): Converted tri-state buffer "slc3:my_slc|datapath:d0|comb~synth" feeding internal logic into a wire
    Warning (13049): Converted tri-state buffer "slc3:my_slc|datapath:d0|comb~synth" feeding internal logic into a wire
    Warning (13049): Converted tri-state buffer "slc3:my_slc|datapath:d0|comb~synth" feeding internal logic into a wire
    Warning (13049): Converted tri-state buffer "slc3:my_slc|datapath:d0|comb~synth" feeding internal logic into a wire
    Warning (13049): Converted tri-state buffer "slc3:my_slc|datapath:d0|comb~synth" feeding internal logic into a wire
    Warning (13049): Converted tri-state buffer "slc3:my_slc|datapath:d0|comb~synth" feeding internal logic into a wire
    Warning (13049): Converted tri-state buffer "slc3:my_slc|datapath:d0|comb~synth" feeding internal logic into a wire
    Warning (13049): Converted tri-state buffer "slc3:my_slc|datapath:d0|comb~synth" feeding internal logic into a wire
    Warning (13049): Converted tri-state buffer "slc3:my_slc|datapath:d0|comb~synth" feeding internal logic into a wire
    Warning (13049): Converted tri-state buffer "slc3:my_slc|datapath:d0|comb~synth" feeding internal logic into a wire
    Warning (13049): Converted tri-state buffer "slc3:my_slc|datapath:d0|comb~synth" feeding internal logic into a wire
    Warning (13049): Converted tri-state buffer "slc3:my_slc|datapath:d0|comb~synth" feeding internal logic into a wire
    Warning (13049): Converted tri-state buffer "slc3:my_slc|datapath:d0|comb~synth" feeding internal logic into a wire
    Warning (13049): Converted tri-state buffer "slc3:my_slc|datapath:d0|comb~synth" feeding internal logic into a wire
    Warning (13049): Converted tri-state buffer "slc3:my_slc|datapath:d0|comb~synth" feeding internal logic into a wire
    Warning (13049): Converted tri-state buffer "slc3:my_slc|datapath:d0|comb~synth" feeding internal logic into a wire
    Warning (13049): Converted tri-state buffer "slc3:my_slc|datapath:d0|comb~synth" feeding internal logic into a wire
    Warning (13049): Converted tri-state buffer "slc3:my_slc|datapath:d0|comb~synth" feeding internal logic into a wire
    Warning (13049): Converted tri-state buffer "slc3:my_slc|datapath:d0|comb~synth" feeding internal logic into a wire
    Warning (13049): Converted tri-state buffer "slc3:my_slc|datapath:d0|comb~synth" feeding internal logic into a wire
    Warning (13049): Converted tri-state buffer "slc3:my_slc|datapath:d0|comb~synth" feeding internal logic into a wire
    Warning (13049): Converted tri-state buffer "slc3:my_slc|datapath:d0|comb~synth" feeding internal logic into a wire
    Warning (13049): Converted tri-state buffer "slc3:my_slc|datapath:d0|comb~synth" feeding internal logic into a wire
    Warning (13049): Converted tri-state buffer "slc3:my_slc|datapath:d0|comb~synth" feeding internal logic into a wire
    Warning (13049): Converted tri-state buffer "slc3:my_slc|datapath:d0|comb~synth" feeding internal logic into a wire
    Warning (13049): Converted tri-state buffer "slc3:my_slc|datapath:d0|comb~synth" feeding internal logic into a wire
    Warning (13049): Converted tri-state buffer "slc3:my_slc|datapath:d0|comb~synth" feeding internal logic into a wire
    Warning (13049): Converted tri-state buffer "slc3:my_slc|datapath:d0|comb~synth" feeding internal logic into a wire
    Warning (13049): Converted tri-state buffer "slc3:my_slc|datapath:d0|comb~synth" feeding internal logic into a wire
Warning (13012): Latch slc3:my_slc|IR[0] has unsafe behavior
    Warning (13013): Ports D and ENA on the latch are fed by the same signal slc3:my_slc|ISDU:state_controller|State.S_35
Warning (13012): Latch slc3:my_slc|IR[1] has unsafe behavior
    Warning (13013): Ports D and ENA on the latch are fed by the same signal slc3:my_slc|ISDU:state_controller|State.S_35
Warning (13012): Latch slc3:my_slc|IR[2] has unsafe behavior
    Warning (13013): Ports D and ENA on the latch are fed by the same signal slc3:my_slc|ISDU:state_controller|State.S_35
Warning (13012): Latch slc3:my_slc|IR[3] has unsafe behavior
    Warning (13013): Ports D and ENA on the latch are fed by the same signal slc3:my_slc|ISDU:state_controller|State.S_35
Warning (13012): Latch slc3:my_slc|IR[4] has unsafe behavior
    Warning (13013): Ports D and ENA on the latch are fed by the same signal slc3:my_slc|ISDU:state_controller|State.S_35
Warning (13012): Latch slc3:my_slc|IR[5] has unsafe behavior
    Warning (13013): Ports D and ENA on the latch are fed by the same signal slc3:my_slc|ISDU:state_controller|State.S_35
Warning (13012): Latch slc3:my_slc|IR[6] has unsafe behavior
    Warning (13013): Ports D and ENA on the latch are fed by the same signal slc3:my_slc|ISDU:state_controller|State.S_35
Warning (13012): Latch slc3:my_slc|IR[7] has unsafe behavior
    Warning (13013): Ports D and ENA on the latch are fed by the same signal slc3:my_slc|ISDU:state_controller|State.S_35
Warning (13012): Latch slc3:my_slc|IR[8] has unsafe behavior
    Warning (13013): Ports D and ENA on the latch are fed by the same signal slc3:my_slc|ISDU:state_controller|State.S_35
Warning (13012): Latch slc3:my_slc|IR[9] has unsafe behavior
    Warning (13013): Ports D and ENA on the latch are fed by the same signal slc3:my_slc|ISDU:state_controller|State.S_35
Warning (13012): Latch slc3:my_slc|IR[10] has unsafe behavior
    Warning (13013): Ports D and ENA on the latch are fed by the same signal slc3:my_slc|ISDU:state_controller|State.S_35
Warning (13012): Latch slc3:my_slc|IR[11] has unsafe behavior
    Warning (13013): Ports D and ENA on the latch are fed by the same signal slc3:my_slc|ISDU:state_controller|State.S_35
Warning (13012): Latch slc3:my_slc|IR[12] has unsafe behavior
    Warning (13013): Ports D and ENA on the latch are fed by the same signal slc3:my_slc|ISDU:state_controller|State.S_35
Warning (13012): Latch slc3:my_slc|IR[13] has unsafe behavior
    Warning (13013): Ports D and ENA on the latch are fed by the same signal slc3:my_slc|ISDU:state_controller|State.S_35
Warning (13012): Latch slc3:my_slc|IR[14] has unsafe behavior
    Warning (13013): Ports D and ENA on the latch are fed by the same signal slc3:my_slc|ISDU:state_controller|State.S_35
Warning (13012): Latch slc3:my_slc|IR[15] has unsafe behavior
    Warning (13013): Ports D and ENA on the latch are fed by the same signal slc3:my_slc|ISDU:state_controller|State.S_35
Warning (13008): TRI or OPNDRN buffers permanently disabled
    Warning (13010): Node "slc3:my_slc|tristate:tr0|Data[0]~synth"
    Warning (13010): Node "slc3:my_slc|tristate:tr0|Data[1]~synth"
    Warning (13010): Node "slc3:my_slc|tristate:tr0|Data[2]~synth"
    Warning (13010): Node "slc3:my_slc|tristate:tr0|Data[3]~synth"
    Warning (13010): Node "slc3:my_slc|tristate:tr0|Data[4]~synth"
    Warning (13010): Node "slc3:my_slc|tristate:tr0|Data[5]~synth"
    Warning (13010): Node "slc3:my_slc|tristate:tr0|Data[6]~synth"
    Warning (13010): Node "slc3:my_slc|tristate:tr0|Data[7]~synth"
    Warning (13010): Node "slc3:my_slc|tristate:tr0|Data[8]~synth"
    Warning (13010): Node "slc3:my_slc|tristate:tr0|Data[9]~synth"
    Warning (13010): Node "slc3:my_slc|tristate:tr0|Data[10]~synth"
    Warning (13010): Node "slc3:my_slc|tristate:tr0|Data[11]~synth"
    Warning (13010): Node "slc3:my_slc|tristate:tr0|Data[12]~synth"
    Warning (13010): Node "slc3:my_slc|tristate:tr0|Data[13]~synth"
    Warning (13010): Node "slc3:my_slc|tristate:tr0|Data[14]~synth"
    Warning (13010): Node "slc3:my_slc|tristate:tr0|Data[15]~synth"
Warning (13024): Output pins are stuck at VCC or GND
    Warning (13410): Pin "LED[0]" is stuck at GND
    Warning (13410): Pin "LED[1]" is stuck at GND
    Warning (13410): Pin "LED[2]" is stuck at GND
    Warning (13410): Pin "LED[3]" is stuck at GND
    Warning (13410): Pin "LED[4]" is stuck at GND
    Warning (13410): Pin "LED[5]" is stuck at GND
    Warning (13410): Pin "LED[6]" is stuck at GND
    Warning (13410): Pin "LED[7]" is stuck at GND
    Warning (13410): Pin "LED[8]" is stuck at GND
    Warning (13410): Pin "LED[9]" is stuck at GND
    Warning (13410): Pin "LED[10]" is stuck at GND
    Warning (13410): Pin "LED[11]" is stuck at GND
    Warning (13410): Pin "CE" is stuck at GND
    Warning (13410): Pin "UB" is stuck at GND
    Warning (13410): Pin "LB" is stuck at GND
    Warning (13410): Pin "WE" is stuck at VCC
    Warning (13410): Pin "ADDR[16]" is stuck at GND
    Warning (13410): Pin "ADDR[17]" is stuck at GND
    Warning (13410): Pin "ADDR[18]" is stuck at GND
    Warning (13410): Pin "ADDR[19]" is stuck at GND
Info (286030): Timing-Driven Synthesis is running
Info (17049): 21 registers lost all their fanouts during netlist optimizations.
Info (144001): Generated suppressed messages file C:/altera/15.0/Lab6_copy/output_files/LC3_highlevel.map.smsg
Info (16010): Generating hard_block partition "hard_block:auto_generated_inst"
    Info (16011): Adding 0 node(s), including 0 DDIO, 0 PLL, 0 transceiver and 0 LCELL
Info (21057): Implemented 360 device resources after synthesis - the final resource count might be different
    Info (21058): Implemented 20 input pins
    Info (21059): Implemented 93 output pins
    Info (21060): Implemented 16 bidirectional pins
    Info (21061): Implemented 231 logic cells
Info: Quartus II 64-Bit Analysis & Synthesis was successful. 0 errors, 170 warnings
    Info: Peak virtual memory: 701 megabytes
    Info: Processing ended: Fri Feb 23 16:58:21 2018
    Info: Elapsed time: 00:00:14
    Info: Total CPU time (on all processors): 00:00:29


+------------------------------------------+
; Analysis & Synthesis Suppressed Messages ;
+------------------------------------------+
The suppressed messages can be found in C:/altera/15.0/Lab6_copy/output_files/LC3_highlevel.map.smsg.


